==============================================================================
20180128 14:23:31.097 - INFO - + START SUITE: Acceptancetest [ ]
==============================================================================
20180128 14:23:31.173 - INFO - +- START SUITE: Acceptancetest.HelloWorldTests [ ]
==============================================================================
20180128 14:23:31.178 - INFO - +-- START TEST: Say Hello [ ]
------------------------------------------------------------------------------
20180128 14:23:31.183 - INFO - +--- START KW: keywords.CustomKeywords.Greet Everyone [ ]
20180128 14:23:31.189 - INFO - +--- END KW: keywords.CustomKeywords.Greet Everyone (4)
------------------------------------------------------------------------------
20180128 14:23:31.194 - INFO - +-- END TEST: Say Hello (14)
------------------------------------------------------------------------------
20180128 14:23:31.196 - INFO - +-- START TEST: Say Hello In Pig Latin [ ]
------------------------------------------------------------------------------
20180128 14:23:31.199 - INFO - +--- START KW: keywords.CustomKeywords.Reverse Greet Everyone [ ]
20180128 14:23:31.203 - INFO - +--- END KW: keywords.CustomKeywords.Reverse Greet Everyone (3)
------------------------------------------------------------------------------
20180128 14:23:31.207 - INFO - +-- END TEST: Say Hello In Pig Latin (9)
------------------------------------------------------------------------------
20180128 14:23:31.210 - INFO - +-- START TEST: Make Sure You're Saying Hello [ ]
------------------------------------------------------------------------------
20180128 14:23:31.217 - INFO - +--- START KW: keywords.CustomKeywords.Greet Everyone [ ]
20180128 14:23:31.223 - INFO - ${result} = hello world
20180128 14:23:31.226 - INFO - +--- END KW: keywords.CustomKeywords.Greet Everyone (8)
~~~~~~~~~~~~~~~~~~~~~~~~~~~~~~~~~~~~~~~~~~~~~~~~~~~~~~~~~~~~~~~~~~~~~~~~~~~~~~
20180128 14:23:31.227 - INFO - +--- START KW: BuiltIn.Should Be Equal [ ${result} | hello world ]
20180128 14:23:31.235 - INFO - +--- END KW: BuiltIn.Should Be Equal (7)
------------------------------------------------------------------------------
20180128 14:23:31.239 - INFO - +-- END TEST: Make Sure You're Saying Hello (27)
------------------------------------------------------------------------------
20180128 14:23:31.243 - INFO - +-- START TEST: Make A Test That Fails [ ]
------------------------------------------------------------------------------
20180128 14:23:31.249 - INFO - +--- START KW: keywords.CustomKeywords.Reverse Greet Everyone [ ]
20180128 14:23:31.254 - INFO - ${result} = dlrow olleh
20180128 14:23:31.255 - INFO - +--- END KW: keywords.CustomKeywords.Reverse Greet Everyone (6)
~~~~~~~~~~~~~~~~~~~~~~~~~~~~~~~~~~~~~~~~~~~~~~~~~~~~~~~~~~~~~~~~~~~~~~~~~~~~~~
20180128 14:23:31.256 - INFO - +--- START KW: BuiltIn.Should Be Equal [ ${result} | dlrow olleh ]
20180128 14:23:31.262 - INFO - +--- END KW: BuiltIn.Should Be Equal (5)
------------------------------------------------------------------------------
20180128 14:23:31.265 - INFO - +-- END TEST: Make A Test That Fails (22)
------------------------------------------------------------------------------
20180128 14:23:31.276 - INFO - +- END SUITE: Acceptancetest.HelloWorldTests (157)
==============================================================================
20180128 14:23:31.287 - INFO - + END SUITE: Acceptancetest (518)
==============================================================================
